{"C:\\Users\\sastu\\OneDrive\\Documents\\design\\intuit-craft-round\\src\\main\\config\\databaseConfig.ts": {"path":"C:\\Users\\sastu\\OneDrive\\Documents\\design\\intuit-craft-round\\src\\main\\config\\databaseConfig.ts","statementMap":{"0":{"start":{"line":7,"column":0},"end":{"line":7,"column":16}},"1":{"start":{"line":14,"column":30},"end":{"line":14,"column":69}},"2":{"start":{"line":16,"column":4},"end":{"line":24,"column":7}},"3":{"start":{"line":26,"column":4},"end":{"line":33,"column":9}},"4":{"start":{"line":29,"column":8},"end":{"line":29,"column":57}},"5":{"start":{"line":32,"column":8},"end":{"line":32,"column":26}},"6":{"start":{"line":37,"column":4},"end":{"line":39,"column":5}},"7":{"start":{"line":38,"column":6},"end":{"line":38,"column":53}},"8":{"start":{"line":40,"column":4},"end":{"line":40,"column":35}}},"fnMap":{"0":{"name":"(anonymous_0)","decl":{"start":{"line":13,"column":2},"end":{"line":13,"column":3}},"loc":{"start":{"line":13,"column":24},"end":{"line":34,"column":3}},"line":13},"1":{"name":"(anonymous_1)","decl":{"start":{"line":28,"column":12},"end":{"line":28,"column":13}},"loc":{"start":{"line":28,"column":18},"end":{"line":30,"column":7}},"line":28},"2":{"name":"(anonymous_2)","decl":{"start":{"line":31,"column":13},"end":{"line":31,"column":14}},"loc":{"start":{"line":31,"column":22},"end":{"line":33,"column":7}},"line":31},"3":{"name":"(anonymous_3)","decl":{"start":{"line":36,"column":2},"end":{"line":36,"column":3}},"loc":{"start":{"line":36,"column":46},"end":{"line":41,"column":3}},"line":36}},"branchMap":{"0":{"loc":{"start":{"line":22,"column":15},"end":{"line":22,"column":54}},"type":"cond-expr","locations":[{"start":{"line":22,"column":35},"end":{"line":22,"column":40}},{"start":{"line":22,"column":43},"end":{"line":22,"column":54}}],"line":22},"1":{"loc":{"start":{"line":37,"column":4},"end":{"line":39,"column":5}},"type":"if","locations":[{"start":{"line":37,"column":4},"end":{"line":39,"column":5}},{"start":{},"end":{}}],"line":37}},"s":{"0":1,"1":1,"2":1,"3":1,"4":1,"5":0,"6":1,"7":1,"8":1},"f":{"0":1,"1":1,"2":0,"3":1},"b":{"0":[1,0],"1":[1,0]},"_coverageSchema":"1a1c01bbd47fc00a2c39e90264f33305004495a9","hash":"8e8a7ee2490f0928a4bb11abe0b88a04d4134119"}
,"C:\\Users\\sastu\\OneDrive\\Documents\\design\\intuit-craft-round\\src\\main\\config\\logger.ts": {"path":"C:\\Users\\sastu\\OneDrive\\Documents\\design\\intuit-craft-round\\src\\main\\config\\logger.ts","statementMap":{"0":{"start":{"line":2,"column":24},"end":{"line":2,"column":62}},"1":{"start":{"line":4,"column":20},"end":{"line":16,"column":1}},"2":{"start":{"line":19,"column":15},"end":{"line":19,"column":32}}},"fnMap":{},"branchMap":{"0":{"loc":{"start":{"line":5,"column":11},"end":{"line":5,"column":45}},"type":"cond-expr","locations":[{"start":{"line":5,"column":29},"end":{"line":5,"column":35}},{"start":{"line":5,"column":38},"end":{"line":5,"column":45}}],"line":5},"1":{"loc":{"start":{"line":6,"column":15},"end":{"line":15,"column":13}},"type":"cond-expr","locations":[{"start":{"line":7,"column":10},"end":{"line":7,"column":19}},{"start":{"line":8,"column":10},"end":{"line":15,"column":13}}],"line":6}},"s":{"0":1,"1":1,"2":1},"f":{},"b":{"0":[0,1],"1":[0,1]},"_coverageSchema":"1a1c01bbd47fc00a2c39e90264f33305004495a9","hash":"70056c54d149ce91c9dcc7ec1217349cd4778113"}
,"C:\\Users\\sastu\\OneDrive\\Documents\\design\\intuit-craft-round\\src\\main\\constants\\constants.ts": {"path":"C:\\Users\\sastu\\OneDrive\\Documents\\design\\intuit-craft-round\\src\\main\\constants\\constants.ts","statementMap":{"0":{"start":{"line":3,"column":49},"end":{"line":3,"column":62}},"1":{"start":{"line":4,"column":52},"end":{"line":4,"column":66}},"2":{"start":{"line":5,"column":62},"end":{"line":5,"column":63}},"3":{"start":{"line":6,"column":58},"end":{"line":6,"column":68}},"4":{"start":{"line":7,"column":54},"end":{"line":7,"column":61}}},"fnMap":{},"branchMap":{},"s":{"0":1,"1":1,"2":1,"3":1,"4":1},"f":{},"b":{},"_coverageSchema":"1a1c01bbd47fc00a2c39e90264f33305004495a9","hash":"3ce24a8ef4257b6a2e3e6c9eae990393a786965a"}
,"C:\\Users\\sastu\\OneDrive\\Documents\\design\\intuit-craft-round\\src\\main\\controllers\\gameController.ts": {"path":"C:\\Users\\sastu\\OneDrive\\Documents\\design\\intuit-craft-round\\src\\main\\controllers\\gameController.ts","statementMap":{"0":{"start":{"line":10,"column":4},"end":{"line":10,"column":39}},"1":{"start":{"line":14,"column":33},"end":{"line":14,"column":41}},"2":{"start":{"line":16,"column":4},"end":{"line":28,"column":5}},"3":{"start":{"line":17,"column":6},"end":{"line":17,"column":70}},"4":{"start":{"line":18,"column":6},"end":{"line":18,"column":49}},"5":{"start":{"line":19,"column":6},"end":{"line":19,"column":29}},"6":{"start":{"line":21,"column":6},"end":{"line":27,"column":7}},"7":{"start":{"line":22,"column":8},"end":{"line":22,"column":65}},"8":{"start":{"line":23,"column":8},"end":{"line":23,"column":51}},"9":{"start":{"line":25,"column":8},"end":{"line":25,"column":66}},"10":{"start":{"line":26,"column":8},"end":{"line":26,"column":57}}},"fnMap":{"0":{"name":"(anonymous_0)","decl":{"start":{"line":9,"column":2},"end":{"line":9,"column":3}},"loc":{"start":{"line":9,"column":46},"end":{"line":11,"column":1}},"line":9},"1":{"name":"(anonymous_1)","decl":{"start":{"line":13,"column":2},"end":{"line":13,"column":3}},"loc":{"start":{"line":13,"column":71},"end":{"line":29,"column":3}},"line":13}},"branchMap":{"0":{"loc":{"start":{"line":21,"column":6},"end":{"line":27,"column":7}},"type":"if","locations":[{"start":{"line":21,"column":6},"end":{"line":27,"column":7}},{"start":{"line":24,"column":13},"end":{"line":27,"column":7}}],"line":21}},"s":{"0":3,"1":3,"2":3,"3":3,"4":3,"5":1,"6":2,"7":1,"8":1,"9":1,"10":1},"f":{"0":3,"1":3},"b":{"0":[1,1]},"_coverageSchema":"1a1c01bbd47fc00a2c39e90264f33305004495a9","hash":"6a73c9779b62ec37e894b90350d0148ff76f44c0"}
,"C:\\Users\\sastu\\OneDrive\\Documents\\design\\intuit-craft-round\\src\\main\\controllers\\healthController.ts": {"path":"C:\\Users\\sastu\\OneDrive\\Documents\\design\\intuit-craft-round\\src\\main\\controllers\\healthController.ts","statementMap":{"0":{"start":{"line":11,"column":8},"end":{"line":22,"column":9}},"1":{"start":{"line":13,"column":38},"end":{"line":13,"column":65}},"2":{"start":{"line":14,"column":12},"end":{"line":16,"column":13}},"3":{"start":{"line":15,"column":16},"end":{"line":15,"column":59}},"4":{"start":{"line":17,"column":12},"end":{"line":17,"column":47}},"5":{"start":{"line":18,"column":12},"end":{"line":18,"column":51}},"6":{"start":{"line":20,"column":12},"end":{"line":20,"column":55}},"7":{"start":{"line":21,"column":12},"end":{"line":21,"column":53}},"8":{"start":{"line":31,"column":4},"end":{"line":38,"column":5}},"9":{"start":{"line":32,"column":8},"end":{"line":32,"column":39}},"10":{"start":{"line":33,"column":8},"end":{"line":33,"column":52}},"11":{"start":{"line":34,"column":8},"end":{"line":34,"column":20}},"12":{"start":{"line":36,"column":8},"end":{"line":36,"column":60}},"13":{"start":{"line":37,"column":8},"end":{"line":37,"column":21}}},"fnMap":{"0":{"name":"(anonymous_0)","decl":{"start":{"line":10,"column":4},"end":{"line":10,"column":5}},"loc":{"start":{"line":10,"column":67},"end":{"line":23,"column":5}},"line":10},"1":{"name":"checkDatabaseHealth","decl":{"start":{"line":30,"column":15},"end":{"line":30,"column":34}},"loc":{"start":{"line":30,"column":55},"end":{"line":39,"column":1}},"line":30}},"branchMap":{"0":{"loc":{"start":{"line":14,"column":12},"end":{"line":16,"column":13}},"type":"if","locations":[{"start":{"line":14,"column":12},"end":{"line":16,"column":13}},{"start":{},"end":{}}],"line":14}},"s":{"0":2,"1":2,"2":2,"3":1,"4":1,"5":1,"6":1,"7":1,"8":2,"9":2,"10":1,"11":1,"12":1,"13":1},"f":{"0":2,"1":2},"b":{"0":[1,1]},"_coverageSchema":"1a1c01bbd47fc00a2c39e90264f33305004495a9","hash":"29a9150533faa6bd570260f01a8392c7876d69f5"}
,"C:\\Users\\sastu\\OneDrive\\Documents\\design\\intuit-craft-round\\src\\main\\controllers\\leaderBoardController.ts": {"path":"C:\\Users\\sastu\\OneDrive\\Documents\\design\\intuit-craft-round\\src\\main\\controllers\\leaderBoardController.ts","statementMap":{"0":{"start":{"line":13,"column":4},"end":{"line":13,"column":49}},"1":{"start":{"line":17,"column":4},"end":{"line":29,"column":5}},"2":{"start":{"line":18,"column":6},"end":{"line":18,"column":42}},"3":{"start":{"line":19,"column":40},"end":{"line":19,"column":86}},"4":{"start":{"line":20,"column":6},"end":{"line":20,"column":50}},"5":{"start":{"line":22,"column":6},"end":{"line":28,"column":7}},"6":{"start":{"line":23,"column":8},"end":{"line":23,"column":71}},"7":{"start":{"line":24,"column":8},"end":{"line":24,"column":106}},"8":{"start":{"line":25,"column":13},"end":{"line":28,"column":7}},"9":{"start":{"line":26,"column":8},"end":{"line":26,"column":66}},"10":{"start":{"line":27,"column":8},"end":{"line":27,"column":87}},"11":{"start":{"line":33,"column":4},"end":{"line":58,"column":5}},"12":{"start":{"line":34,"column":38},"end":{"line":34,"column":46}},"13":{"start":{"line":35,"column":6},"end":{"line":35,"column":76}},"14":{"start":{"line":37,"column":28},"end":{"line":37,"column":30}},"15":{"start":{"line":38,"column":6},"end":{"line":40,"column":7}},"16":{"start":{"line":39,"column":8},"end":{"line":39,"column":71}},"17":{"start":{"line":41,"column":6},"end":{"line":43,"column":7}},"18":{"start":{"line":42,"column":8},"end":{"line":42,"column":79}},"19":{"start":{"line":45,"column":6},"end":{"line":48,"column":7}},"20":{"start":{"line":46,"column":8},"end":{"line":46,"column":80}},"21":{"start":{"line":47,"column":8},"end":{"line":47,"column":95}},"22":{"start":{"line":50,"column":6},"end":{"line":50,"column":71}},"23":{"start":{"line":51,"column":6},"end":{"line":51,"column":65}},"24":{"start":{"line":52,"column":6},"end":{"line":52,"column":45}},"25":{"start":{"line":54,"column":6},"end":{"line":57,"column":7}},"26":{"start":{"line":55,"column":8},"end":{"line":55,"column":71}},"27":{"start":{"line":56,"column":8},"end":{"line":56,"column":87}}},"fnMap":{"0":{"name":"(anonymous_0)","decl":{"start":{"line":12,"column":2},"end":{"line":12,"column":3}},"loc":{"start":{"line":12,"column":48},"end":{"line":14,"column":3}},"line":12},"1":{"name":"(anonymous_1)","decl":{"start":{"line":16,"column":2},"end":{"line":16,"column":3}},"loc":{"start":{"line":16,"column":73},"end":{"line":30,"column":3}},"line":16},"2":{"name":"(anonymous_2)","decl":{"start":{"line":32,"column":2},"end":{"line":32,"column":3}},"loc":{"start":{"line":32,"column":56},"end":{"line":59,"column":3}},"line":32}},"branchMap":{"0":{"loc":{"start":{"line":22,"column":6},"end":{"line":28,"column":7}},"type":"if","locations":[{"start":{"line":22,"column":6},"end":{"line":28,"column":7}},{"start":{"line":25,"column":13},"end":{"line":28,"column":7}}],"line":22},"1":{"loc":{"start":{"line":25,"column":13},"end":{"line":28,"column":7}},"type":"if","locations":[{"start":{"line":25,"column":13},"end":{"line":28,"column":7}},{"start":{},"end":{}}],"line":25},"2":{"loc":{"start":{"line":38,"column":6},"end":{"line":40,"column":7}},"type":"if","locations":[{"start":{"line":38,"column":6},"end":{"line":40,"column":7}},{"start":{},"end":{}}],"line":38},"3":{"loc":{"start":{"line":38,"column":10},"end":{"line":38,"column":61}},"type":"binary-expr","locations":[{"start":{"line":38,"column":10},"end":{"line":38,"column":24}},{"start":{"line":38,"column":28},"end":{"line":38,"column":61}}],"line":38},"4":{"loc":{"start":{"line":41,"column":6},"end":{"line":43,"column":7}},"type":"if","locations":[{"start":{"line":41,"column":6},"end":{"line":43,"column":7}},{"start":{},"end":{}}],"line":41},"5":{"loc":{"start":{"line":41,"column":10},"end":{"line":41,"column":77}},"type":"binary-expr","locations":[{"start":{"line":41,"column":10},"end":{"line":41,"column":32}},{"start":{"line":41,"column":36},"end":{"line":41,"column":77}}],"line":41},"6":{"loc":{"start":{"line":45,"column":6},"end":{"line":48,"column":7}},"type":"if","locations":[{"start":{"line":45,"column":6},"end":{"line":48,"column":7}},{"start":{},"end":{}}],"line":45},"7":{"loc":{"start":{"line":54,"column":6},"end":{"line":57,"column":7}},"type":"if","locations":[{"start":{"line":54,"column":6},"end":{"line":57,"column":7}},{"start":{},"end":{}}],"line":54}},"s":{"0":1,"1":3,"2":3,"3":3,"4":1,"5":2,"6":1,"7":1,"8":1,"9":1,"10":1,"11":3,"12":3,"13":3,"14":3,"15":3,"16":1,"17":3,"18":1,"19":3,"20":1,"21":1,"22":2,"23":1,"24":1,"25":1,"26":1,"27":1},"f":{"0":1,"1":3,"2":3},"b":{"0":[1,1],"1":[1,0],"2":[1,2],"3":[3,3],"4":[1,2],"5":[3,3],"6":[1,2],"7":[1,0]},"_coverageSchema":"1a1c01bbd47fc00a2c39e90264f33305004495a9","hash":"19e481694e1771994c0097110e188137f7698630"}
,"C:\\Users\\sastu\\OneDrive\\Documents\\design\\intuit-craft-round\\src\\main\\exceptions\\CacheInitializationException.ts": {"path":"C:\\Users\\sastu\\OneDrive\\Documents\\design\\intuit-craft-round\\src\\main\\exceptions\\CacheInitializationException.ts","statementMap":{"0":{"start":{"line":3,"column":8},"end":{"line":3,"column":23}},"1":{"start":{"line":4,"column":8},"end":{"line":4,"column":51}}},"fnMap":{"0":{"name":"(anonymous_0)","decl":{"start":{"line":2,"column":4},"end":{"line":2,"column":5}},"loc":{"start":{"line":2,"column":33},"end":{"line":5,"column":5}},"line":2}},"branchMap":{},"s":{"0":1,"1":1},"f":{"0":1},"b":{},"_coverageSchema":"1a1c01bbd47fc00a2c39e90264f33305004495a9","hash":"eecbf59ae139dcdefa99247ea2daecb0b7108d45"}
,"C:\\Users\\sastu\\OneDrive\\Documents\\design\\intuit-craft-round\\src\\main\\exceptions\\CacheUpdateFailureException.ts": {"path":"C:\\Users\\sastu\\OneDrive\\Documents\\design\\intuit-craft-round\\src\\main\\exceptions\\CacheUpdateFailureException.ts","statementMap":{"0":{"start":{"line":3,"column":8},"end":{"line":3,"column":23}},"1":{"start":{"line":4,"column":8},"end":{"line":4,"column":50}}},"fnMap":{"0":{"name":"(anonymous_0)","decl":{"start":{"line":2,"column":4},"end":{"line":2,"column":5}},"loc":{"start":{"line":2,"column":33},"end":{"line":5,"column":5}},"line":2}},"branchMap":{},"s":{"0":1,"1":1},"f":{"0":1},"b":{},"_coverageSchema":"1a1c01bbd47fc00a2c39e90264f33305004495a9","hash":"8e7615c2880f37c662f905f7d67eb6742a43ac97"}
,"C:\\Users\\sastu\\OneDrive\\Documents\\design\\intuit-craft-round\\src\\main\\exceptions\\DatabaseStorageException.ts": {"path":"C:\\Users\\sastu\\OneDrive\\Documents\\design\\intuit-craft-round\\src\\main\\exceptions\\DatabaseStorageException.ts","statementMap":{"0":{"start":{"line":3,"column":8},"end":{"line":3,"column":23}},"1":{"start":{"line":4,"column":8},"end":{"line":4,"column":47}}},"fnMap":{"0":{"name":"(anonymous_0)","decl":{"start":{"line":2,"column":4},"end":{"line":2,"column":5}},"loc":{"start":{"line":2,"column":33},"end":{"line":5,"column":5}},"line":2}},"branchMap":{},"s":{"0":0,"1":0},"f":{"0":0},"b":{},"_coverageSchema":"1a1c01bbd47fc00a2c39e90264f33305004495a9","hash":"7e2a2995ce2cd2a4ee97d083cf0cdf817dd1fcb8"}
,"C:\\Users\\sastu\\OneDrive\\Documents\\design\\intuit-craft-round\\src\\main\\exceptions\\LeaderboardNotInitializedException.ts": {"path":"C:\\Users\\sastu\\OneDrive\\Documents\\design\\intuit-craft-round\\src\\main\\exceptions\\LeaderboardNotInitializedException.ts","statementMap":{"0":{"start":{"line":3,"column":8},"end":{"line":3,"column":23}},"1":{"start":{"line":4,"column":8},"end":{"line":4,"column":57}}},"fnMap":{"0":{"name":"(anonymous_0)","decl":{"start":{"line":2,"column":4},"end":{"line":2,"column":5}},"loc":{"start":{"line":2,"column":33},"end":{"line":5,"column":5}},"line":2}},"branchMap":{},"s":{"0":7,"1":7},"f":{"0":7},"b":{},"_coverageSchema":"1a1c01bbd47fc00a2c39e90264f33305004495a9","hash":"01e61ad744b9dc42b70cf6ae9302d1c179ea3fac"}
,"C:\\Users\\sastu\\OneDrive\\Documents\\design\\intuit-craft-round\\src\\main\\exceptions\\LeaderboardUpdateFailureException.ts": {"path":"C:\\Users\\sastu\\OneDrive\\Documents\\design\\intuit-craft-round\\src\\main\\exceptions\\LeaderboardUpdateFailureException.ts","statementMap":{"0":{"start":{"line":3,"column":8},"end":{"line":3,"column":23}},"1":{"start":{"line":4,"column":8},"end":{"line":4,"column":56}}},"fnMap":{"0":{"name":"(anonymous_0)","decl":{"start":{"line":2,"column":4},"end":{"line":2,"column":5}},"loc":{"start":{"line":2,"column":33},"end":{"line":5,"column":5}},"line":2}},"branchMap":{},"s":{"0":2,"1":2},"f":{"0":2},"b":{},"_coverageSchema":"1a1c01bbd47fc00a2c39e90264f33305004495a9","hash":"d6f43395ef229b40587ec8832f8fb80e10861cd0"}
,"C:\\Users\\sastu\\OneDrive\\Documents\\design\\intuit-craft-round\\src\\main\\models\\leaderBoardInput.model.ts": {"path":"C:\\Users\\sastu\\OneDrive\\Documents\\design\\intuit-craft-round\\src\\main\\models\\leaderBoardInput.model.ts","statementMap":{"0":{"start":{"line":7,"column":8},"end":{"line":7,"column":31}},"1":{"start":{"line":8,"column":8},"end":{"line":8,"column":47}},"2":{"start":{"line":12,"column":8},"end":{"line":12,"column":28}},"3":{"start":{"line":16,"column":8},"end":{"line":16,"column":31}},"4":{"start":{"line":20,"column":8},"end":{"line":20,"column":36}},"5":{"start":{"line":24,"column":8},"end":{"line":24,"column":47}}},"fnMap":{"0":{"name":"(anonymous_0)","decl":{"start":{"line":6,"column":4},"end":{"line":6,"column":5}},"loc":{"start":{"line":6,"column":58},"end":{"line":9,"column":5}},"line":6},"1":{"name":"(anonymous_1)","decl":{"start":{"line":11,"column":4},"end":{"line":11,"column":5}},"loc":{"start":{"line":11,"column":25},"end":{"line":13,"column":5}},"line":11},"2":{"name":"(anonymous_2)","decl":{"start":{"line":15,"column":4},"end":{"line":15,"column":5}},"loc":{"start":{"line":15,"column":38},"end":{"line":17,"column":5}},"line":15},"3":{"name":"(anonymous_3)","decl":{"start":{"line":19,"column":4},"end":{"line":19,"column":5}},"loc":{"start":{"line":19,"column":33},"end":{"line":21,"column":5}},"line":19},"4":{"name":"(anonymous_4)","decl":{"start":{"line":23,"column":4},"end":{"line":23,"column":5}},"loc":{"start":{"line":23,"column":54},"end":{"line":25,"column":5}},"line":23}},"branchMap":{},"s":{"0":2,"1":2,"2":0,"3":0,"4":0,"5":0},"f":{"0":2,"1":0,"2":0,"3":0,"4":0},"b":{},"_coverageSchema":"1a1c01bbd47fc00a2c39e90264f33305004495a9","hash":"241742572fc5073fad0a4b83634a0d12e1bd3da9"}
,"C:\\Users\\sastu\\OneDrive\\Documents\\design\\intuit-craft-round\\src\\main\\models\\playerScore.model.ts": {"path":"C:\\Users\\sastu\\OneDrive\\Documents\\design\\intuit-craft-round\\src\\main\\models\\playerScore.model.ts","statementMap":{},"fnMap":{},"branchMap":{},"s":{},"f":{},"b":{},"_coverageSchema":"1a1c01bbd47fc00a2c39e90264f33305004495a9","hash":"b08817e1e3681f2f9ae0ee4b88ca5d376b0d50fa"}
,"C:\\Users\\sastu\\OneDrive\\Documents\\design\\intuit-craft-round\\src\\main\\repositories\\playerScore.repository.ts": {"path":"C:\\Users\\sastu\\OneDrive\\Documents\\design\\intuit-craft-round\\src\\main\\repositories\\playerScore.repository.ts","statementMap":{"0":{"start":{"line":6,"column":8},"end":{"line":6,"column":62}},"1":{"start":{"line":7,"column":8},"end":{"line":7,"column":71}},"2":{"start":{"line":11,"column":8},"end":{"line":11,"column":69}},"3":{"start":{"line":12,"column":8},"end":{"line":12,"column":37}},"4":{"start":{"line":16,"column":37},"end":{"line":16,"column":48}},"5":{"start":{"line":17,"column":8},"end":{"line":17,"column":56}},"6":{"start":{"line":18,"column":8},"end":{"line":18,"column":62}},"7":{"start":{"line":22,"column":30},"end":{"line":22,"column":59}},"8":{"start":{"line":23,"column":8},"end":{"line":26,"column":9}},"9":{"start":{"line":24,"column":12},"end":{"line":24,"column":90}},"10":{"start":{"line":25,"column":12},"end":{"line":25,"column":19}},"11":{"start":{"line":27,"column":8},"end":{"line":27,"column":65}},"12":{"start":{"line":28,"column":8},"end":{"line":28,"column":56}}},"fnMap":{"0":{"name":"(anonymous_0)","decl":{"start":{"line":5,"column":4},"end":{"line":5,"column":5}},"loc":{"start":{"line":5,"column":59},"end":{"line":8,"column":5}},"line":5},"1":{"name":"(anonymous_1)","decl":{"start":{"line":10,"column":4},"end":{"line":10,"column":5}},"loc":{"start":{"line":10,"column":44},"end":{"line":13,"column":5}},"line":10},"2":{"name":"(anonymous_2)","decl":{"start":{"line":15,"column":4},"end":{"line":15,"column":5}},"loc":{"start":{"line":15,"column":62},"end":{"line":19,"column":5}},"line":15},"3":{"name":"(anonymous_3)","decl":{"start":{"line":21,"column":4},"end":{"line":21,"column":5}},"loc":{"start":{"line":21,"column":70},"end":{"line":29,"column":5}},"line":21}},"branchMap":{"0":{"loc":{"start":{"line":23,"column":8},"end":{"line":26,"column":9}},"type":"if","locations":[{"start":{"line":23,"column":8},"end":{"line":26,"column":9}},{"start":{},"end":{}}],"line":23},"1":{"loc":{"start":{"line":23,"column":12},"end":{"line":23,"column":57}},"type":"binary-expr","locations":[{"start":{"line":23,"column":12},"end":{"line":23,"column":25}},{"start":{"line":23,"column":29},"end":{"line":23,"column":57}}],"line":23}},"s":{"0":1,"1":1,"2":1,"3":1,"4":1,"5":1,"6":1,"7":2,"8":2,"9":1,"10":1,"11":1,"12":1},"f":{"0":1,"1":1,"2":1,"3":2},"b":{"0":[1,1],"1":[2,2]},"_coverageSchema":"1a1c01bbd47fc00a2c39e90264f33305004495a9","hash":"9b489feb1ab3ed30f372f5da29c9dbf8ec00fb70"}
,"C:\\Users\\sastu\\OneDrive\\Documents\\design\\intuit-craft-round\\src\\main\\services\\InMemoryCache.service.ts": {"path":"C:\\Users\\sastu\\OneDrive\\Documents\\design\\intuit-craft-round\\src\\main\\services\\InMemoryCache.service.ts","statementMap":{"0":{"start":{"line":14,"column":4},"end":{"line":14,"column":18}},"1":{"start":{"line":15,"column":4},"end":{"line":15,"column":22}},"2":{"start":{"line":16,"column":4},"end":{"line":16,"column":57}},"3":{"start":{"line":17,"column":4},"end":{"line":17,"column":29}},"4":{"start":{"line":25,"column":4},"end":{"line":25,"column":45}},"5":{"start":{"line":33,"column":4},"end":{"line":33,"column":57}},"6":{"start":{"line":34,"column":4},"end":{"line":34,"column":21}},"7":{"start":{"line":35,"column":4},"end":{"line":57,"column":5}},"8":{"start":{"line":36,"column":6},"end":{"line":36,"column":24}},"9":{"start":{"line":37,"column":6},"end":{"line":37,"column":59}},"10":{"start":{"line":38,"column":6},"end":{"line":50,"column":7}},"11":{"start":{"line":39,"column":8},"end":{"line":49,"column":9}},"12":{"start":{"line":40,"column":10},"end":{"line":40,"column":35}},"13":{"start":{"line":41,"column":10},"end":{"line":41,"column":57}},"14":{"start":{"line":42,"column":15},"end":{"line":49,"column":9}},"15":{"start":{"line":43,"column":31},"end":{"line":43,"column":51}},"16":{"start":{"line":44,"column":10},"end":{"line":44,"column":35}},"17":{"start":{"line":45,"column":10},"end":{"line":47,"column":11}},"18":{"start":{"line":46,"column":12},"end":{"line":46,"column":62}},"19":{"start":{"line":48,"column":10},"end":{"line":48,"column":57}},"20":{"start":{"line":51,"column":5},"end":{"line":51,"column":38}},"21":{"start":{"line":53,"column":6},"end":{"line":56,"column":7}},"22":{"start":{"line":54,"column":8},"end":{"line":54,"column":66}},"23":{"start":{"line":55,"column":8},"end":{"line":55,"column":77}},"24":{"start":{"line":65,"column":4},"end":{"line":89,"column":5}},"25":{"start":{"line":66,"column":6},"end":{"line":66,"column":53}},"26":{"start":{"line":67,"column":28},"end":{"line":67,"column":67}},"27":{"start":{"line":69,"column":6},"end":{"line":82,"column":7}},"28":{"start":{"line":70,"column":8},"end":{"line":70,"column":78}},"29":{"start":{"line":71,"column":8},"end":{"line":71,"column":42}},"30":{"start":{"line":72,"column":13},"end":{"line":82,"column":7}},"31":{"start":{"line":73,"column":8},"end":{"line":73,"column":33}},"32":{"start":{"line":74,"column":8},"end":{"line":74,"column":55}},"33":{"start":{"line":75,"column":13},"end":{"line":82,"column":7}},"34":{"start":{"line":76,"column":29},"end":{"line":76,"column":49}},"35":{"start":{"line":77,"column":8},"end":{"line":79,"column":9}},"36":{"start":{"line":78,"column":10},"end":{"line":78,"column":60}},"37":{"start":{"line":80,"column":8},"end":{"line":80,"column":33}},"38":{"start":{"line":81,"column":8},"end":{"line":81,"column":55}},"39":{"start":{"line":83,"column":6},"end":{"line":83,"column":39}},"40":{"start":{"line":85,"column":6},"end":{"line":88,"column":7}},"41":{"start":{"line":86,"column":8},"end":{"line":86,"column":62}},"42":{"start":{"line":87,"column":8},"end":{"line":87,"column":72}},"43":{"start":{"line":97,"column":16},"end":{"line":97,"column":33}},"44":{"start":{"line":98,"column":4},"end":{"line":98,"column":77}},"45":{"start":{"line":99,"column":4},"end":{"line":99,"column":35}}},"fnMap":{"0":{"name":"(anonymous_0)","decl":{"start":{"line":13,"column":2},"end":{"line":13,"column":3}},"loc":{"start":{"line":13,"column":63},"end":{"line":18,"column":3}},"line":13},"1":{"name":"(anonymous_1)","decl":{"start":{"line":24,"column":2},"end":{"line":24,"column":3}},"loc":{"start":{"line":24,"column":65},"end":{"line":26,"column":3}},"line":24},"2":{"name":"(anonymous_2)","decl":{"start":{"line":32,"column":2},"end":{"line":32,"column":3}},"loc":{"start":{"line":32,"column":73},"end":{"line":58,"column":3}},"line":32},"3":{"name":"(anonymous_3)","decl":{"start":{"line":64,"column":2},"end":{"line":64,"column":3}},"loc":{"start":{"line":64,"column":54},"end":{"line":90,"column":3}},"line":64},"4":{"name":"(anonymous_4)","decl":{"start":{"line":96,"column":2},"end":{"line":96,"column":3}},"loc":{"start":{"line":96,"column":35},"end":{"line":100,"column":3}},"line":96}},"branchMap":{"0":{"loc":{"start":{"line":39,"column":8},"end":{"line":49,"column":9}},"type":"if","locations":[{"start":{"line":39,"column":8},"end":{"line":49,"column":9}},{"start":{"line":42,"column":15},"end":{"line":49,"column":9}}],"line":39},"1":{"loc":{"start":{"line":42,"column":15},"end":{"line":49,"column":9}},"type":"if","locations":[{"start":{"line":42,"column":15},"end":{"line":49,"column":9}},{"start":{},"end":{}}],"line":42},"2":{"loc":{"start":{"line":45,"column":10},"end":{"line":47,"column":11}},"type":"if","locations":[{"start":{"line":45,"column":10},"end":{"line":47,"column":11}},{"start":{},"end":{}}],"line":45},"3":{"loc":{"start":{"line":53,"column":6},"end":{"line":56,"column":7}},"type":"if","locations":[{"start":{"line":53,"column":6},"end":{"line":56,"column":7}},{"start":{},"end":{}}],"line":53},"4":{"loc":{"start":{"line":69,"column":6},"end":{"line":82,"column":7}},"type":"if","locations":[{"start":{"line":69,"column":6},"end":{"line":82,"column":7}},{"start":{"line":72,"column":13},"end":{"line":82,"column":7}}],"line":69},"5":{"loc":{"start":{"line":72,"column":13},"end":{"line":82,"column":7}},"type":"if","locations":[{"start":{"line":72,"column":13},"end":{"line":82,"column":7}},{"start":{"line":75,"column":13},"end":{"line":82,"column":7}}],"line":72},"6":{"loc":{"start":{"line":75,"column":13},"end":{"line":82,"column":7}},"type":"if","locations":[{"start":{"line":75,"column":13},"end":{"line":82,"column":7}},{"start":{},"end":{}}],"line":75},"7":{"loc":{"start":{"line":77,"column":8},"end":{"line":79,"column":9}},"type":"if","locations":[{"start":{"line":77,"column":8},"end":{"line":79,"column":9}},{"start":{},"end":{}}],"line":77},"8":{"loc":{"start":{"line":85,"column":6},"end":{"line":88,"column":7}},"type":"if","locations":[{"start":{"line":85,"column":6},"end":{"line":88,"column":7}},{"start":{},"end":{}}],"line":85}},"s":{"0":7,"1":7,"2":7,"3":7,"4":2,"5":1,"6":1,"7":1,"8":1,"9":1,"10":1,"11":3,"12":2,"13":2,"14":1,"15":1,"16":1,"17":1,"18":1,"19":1,"20":1,"21":0,"22":0,"23":0,"24":1,"25":1,"26":1,"27":1,"28":1,"29":1,"30":0,"31":0,"32":0,"33":0,"34":0,"35":0,"36":0,"37":0,"38":0,"39":1,"40":0,"41":0,"42":0,"43":1,"44":1,"45":1},"f":{"0":7,"1":2,"2":1,"3":1,"4":1},"b":{"0":[2,1],"1":[1,0],"2":[1,0],"3":[0,0],"4":[1,0],"5":[0,0],"6":[0,0],"7":[0,0],"8":[0,0]},"_coverageSchema":"1a1c01bbd47fc00a2c39e90264f33305004495a9","hash":"0b4588461dda68ba2a6872232404af2b5f081d60"}
,"C:\\Users\\sastu\\OneDrive\\Documents\\design\\intuit-craft-round\\src\\main\\services\\LeaderBoard.service.ts": {"path":"C:\\Users\\sastu\\OneDrive\\Documents\\design\\intuit-craft-round\\src\\main\\services\\LeaderBoard.service.ts","statementMap":{"0":{"start":{"line":15,"column":35},"end":{"line":15,"column":40}},"1":{"start":{"line":16,"column":28},"end":{"line":16,"column":34}},"2":{"start":{"line":29,"column":4},"end":{"line":31,"column":5}},"3":{"start":{"line":30,"column":6},"end":{"line":30,"column":45}},"4":{"start":{"line":32,"column":4},"end":{"line":32,"column":37}},"5":{"start":{"line":41,"column":4},"end":{"line":67,"column":5}},"6":{"start":{"line":42,"column":8},"end":{"line":42,"column":56}},"7":{"start":{"line":43,"column":26},"end":{"line":43,"column":62}},"8":{"start":{"line":45,"column":8},"end":{"line":47,"column":9}},"9":{"start":{"line":46,"column":12},"end":{"line":46,"column":90}},"10":{"start":{"line":49,"column":8},"end":{"line":51,"column":9}},"11":{"start":{"line":50,"column":12},"end":{"line":50,"column":98}},"12":{"start":{"line":54,"column":8},"end":{"line":54,"column":86}},"13":{"start":{"line":55,"column":29},"end":{"line":55,"column":58}},"14":{"start":{"line":56,"column":26},"end":{"line":56,"column":53}},"15":{"start":{"line":58,"column":8},"end":{"line":58,"column":53}},"16":{"start":{"line":59,"column":8},"end":{"line":59,"column":53}},"17":{"start":{"line":60,"column":8},"end":{"line":60,"column":43}},"18":{"start":{"line":61,"column":8},"end":{"line":61,"column":76}},"19":{"start":{"line":63,"column":8},"end":{"line":66,"column":9}},"20":{"start":{"line":64,"column":12},"end":{"line":64,"column":83}},"21":{"start":{"line":65,"column":12},"end":{"line":65,"column":68}},"22":{"start":{"line":75,"column":17},"end":{"line":75,"column":69}},"23":{"start":{"line":76,"column":4},"end":{"line":76,"column":65}},"24":{"start":{"line":78,"column":19},"end":{"line":78,"column":55}},"25":{"start":{"line":79,"column":25},"end":{"line":79,"column":51}},"26":{"start":{"line":81,"column":4},"end":{"line":84,"column":5}},"27":{"start":{"line":82,"column":6},"end":{"line":82,"column":65}},"28":{"start":{"line":83,"column":6},"end":{"line":83,"column":92}},"29":{"start":{"line":86,"column":4},"end":{"line":86,"column":67}},"30":{"start":{"line":94,"column":4},"end":{"line":97,"column":5}},"31":{"start":{"line":95,"column":6},"end":{"line":95,"column":86}},"32":{"start":{"line":96,"column":6},"end":{"line":96,"column":86}},"33":{"start":{"line":98,"column":4},"end":{"line":98,"column":61}},"34":{"start":{"line":99,"column":4},"end":{"line":99,"column":39}},"35":{"start":{"line":106,"column":4},"end":{"line":121,"column":5}},"36":{"start":{"line":107,"column":6},"end":{"line":107,"column":71}},"37":{"start":{"line":109,"column":28},"end":{"line":109,"column":83}},"38":{"start":{"line":111,"column":6},"end":{"line":115,"column":7}},"39":{"start":{"line":112,"column":8},"end":{"line":112,"column":46}},"40":{"start":{"line":114,"column":8},"end":{"line":114,"column":134}},"41":{"start":{"line":117,"column":6},"end":{"line":120,"column":7}},"42":{"start":{"line":118,"column":8},"end":{"line":118,"column":71}},"43":{"start":{"line":119,"column":8},"end":{"line":119,"column":63}}},"fnMap":{"0":{"name":"(anonymous_0)","decl":{"start":{"line":18,"column":2},"end":{"line":18,"column":3}},"loc":{"start":{"line":23,"column":4},"end":{"line":23,"column":6}},"line":23},"1":{"name":"(anonymous_1)","decl":{"start":{"line":27,"column":2},"end":{"line":27,"column":3}},"loc":{"start":{"line":27,"column":49},"end":{"line":33,"column":3}},"line":27},"2":{"name":"(anonymous_2)","decl":{"start":{"line":40,"column":2},"end":{"line":40,"column":3}},"loc":{"start":{"line":40,"column":61},"end":{"line":68,"column":1}},"line":40},"3":{"name":"(anonymous_3)","decl":{"start":{"line":74,"column":2},"end":{"line":74,"column":3}},"loc":{"start":{"line":74,"column":64},"end":{"line":87,"column":3}},"line":74},"4":{"name":"(anonymous_4)","decl":{"start":{"line":93,"column":2},"end":{"line":93,"column":3}},"loc":{"start":{"line":93,"column":50},"end":{"line":100,"column":3}},"line":93},"5":{"name":"(anonymous_5)","decl":{"start":{"line":105,"column":2},"end":{"line":105,"column":3}},"loc":{"start":{"line":105,"column":54},"end":{"line":122,"column":3}},"line":105}},"branchMap":{"0":{"loc":{"start":{"line":29,"column":4},"end":{"line":31,"column":5}},"type":"if","locations":[{"start":{"line":29,"column":4},"end":{"line":31,"column":5}},{"start":{},"end":{}}],"line":29},"1":{"loc":{"start":{"line":45,"column":8},"end":{"line":47,"column":9}},"type":"if","locations":[{"start":{"line":45,"column":8},"end":{"line":47,"column":9}},{"start":{},"end":{}}],"line":45},"2":{"loc":{"start":{"line":49,"column":8},"end":{"line":51,"column":9}},"type":"if","locations":[{"start":{"line":49,"column":8},"end":{"line":51,"column":9}},{"start":{},"end":{}}],"line":49},"3":{"loc":{"start":{"line":63,"column":8},"end":{"line":66,"column":9}},"type":"if","locations":[{"start":{"line":63,"column":8},"end":{"line":66,"column":9}},{"start":{},"end":{}}],"line":63},"4":{"loc":{"start":{"line":75,"column":17},"end":{"line":75,"column":69}},"type":"cond-expr","locations":[{"start":{"line":75,"column":28},"end":{"line":75,"column":32}},{"start":{"line":75,"column":35},"end":{"line":75,"column":69}}],"line":75},"5":{"loc":{"start":{"line":81,"column":4},"end":{"line":84,"column":5}},"type":"if","locations":[{"start":{"line":81,"column":4},"end":{"line":84,"column":5}},{"start":{},"end":{}}],"line":81},"6":{"loc":{"start":{"line":94,"column":4},"end":{"line":97,"column":5}},"type":"if","locations":[{"start":{"line":94,"column":4},"end":{"line":97,"column":5}},{"start":{},"end":{}}],"line":94},"7":{"loc":{"start":{"line":111,"column":6},"end":{"line":115,"column":7}},"type":"if","locations":[{"start":{"line":111,"column":6},"end":{"line":115,"column":7}},{"start":{"line":113,"column":13},"end":{"line":115,"column":7}}],"line":111},"8":{"loc":{"start":{"line":111,"column":10},"end":{"line":111,"column":64}},"type":"binary-expr","locations":[{"start":{"line":111,"column":10},"end":{"line":111,"column":24}},{"start":{"line":111,"column":28},"end":{"line":111,"column":64}}],"line":111},"9":{"loc":{"start":{"line":117,"column":6},"end":{"line":120,"column":7}},"type":"if","locations":[{"start":{"line":117,"column":6},"end":{"line":120,"column":7}},{"start":{},"end":{}}],"line":117}},"s":{"0":12,"1":12,"2":4,"3":1,"4":4,"5":4,"6":4,"7":4,"8":4,"9":1,"10":3,"11":1,"12":2,"13":2,"14":2,"15":2,"16":2,"17":2,"18":2,"19":2,"20":2,"21":2,"22":3,"23":3,"24":3,"25":3,"26":3,"27":1,"28":1,"29":2,"30":2,"31":1,"32":1,"33":1,"34":1,"35":3,"36":3,"37":3,"38":2,"39":1,"40":1,"41":1,"42":1,"43":1},"f":{"0":12,"1":4,"2":4,"3":3,"4":2,"5":3},"b":{"0":[1,3],"1":[1,3],"2":[1,2],"3":[2,0],"4":[2,1],"5":[1,2],"6":[1,1],"7":[1,1],"8":[2,2],"9":[1,0]},"_coverageSchema":"1a1c01bbd47fc00a2c39e90264f33305004495a9","hash":"76a654081c2119fbd78fe1a656ee7c790ed29987"}
,"C:\\Users\\sastu\\OneDrive\\Documents\\design\\intuit-craft-round\\src\\main\\services\\ScoreIngestion.service.ts": {"path":"C:\\Users\\sastu\\OneDrive\\Documents\\design\\intuit-craft-round\\src\\main\\services\\ScoreIngestion.service.ts","statementMap":{"0":{"start":{"line":14,"column":41},"end":{"line":14,"column":43}},"1":{"start":{"line":16,"column":43},"end":{"line":16,"column":49}},"2":{"start":{"line":19,"column":4},"end":{"line":19,"column":43}},"3":{"start":{"line":27,"column":4},"end":{"line":29,"column":5}},"4":{"start":{"line":28,"column":6},"end":{"line":28,"column":82}},"5":{"start":{"line":30,"column":4},"end":{"line":30,"column":42}},"6":{"start":{"line":39,"column":4},"end":{"line":45,"column":5}},"7":{"start":{"line":40,"column":6},"end":{"line":40,"column":75}},"8":{"start":{"line":41,"column":6},"end":{"line":41,"column":65}},"9":{"start":{"line":43,"column":6},"end":{"line":43,"column":76}},"10":{"start":{"line":44,"column":6},"end":{"line":44,"column":52}},"11":{"start":{"line":53,"column":4},"end":{"line":53,"column":61}},"12":{"start":{"line":54,"column":4},"end":{"line":54,"column":40}},"13":{"start":{"line":62,"column":4},"end":{"line":62,"column":57}},"14":{"start":{"line":63,"column":4},"end":{"line":66,"column":5}},"15":{"start":{"line":64,"column":6},"end":{"line":64,"column":63}},"16":{"start":{"line":65,"column":6},"end":{"line":65,"column":13}},"17":{"start":{"line":67,"column":4},"end":{"line":77,"column":5}},"18":{"start":{"line":68,"column":6},"end":{"line":76,"column":7}},"19":{"start":{"line":69,"column":8},"end":{"line":69,"column":44}},"20":{"start":{"line":70,"column":8},"end":{"line":70,"column":72}},"21":{"start":{"line":72,"column":8},"end":{"line":75,"column":9}},"22":{"start":{"line":73,"column":10},"end":{"line":73,"column":75}},"23":{"start":{"line":74,"column":10},"end":{"line":74,"column":86}},"24":{"start":{"line":85,"column":4},"end":{"line":94,"column":5}},"25":{"start":{"line":86,"column":6},"end":{"line":86,"column":90}},"26":{"start":{"line":87,"column":6},"end":{"line":87,"column":42}},"27":{"start":{"line":88,"column":6},"end":{"line":88,"column":49}},"28":{"start":{"line":90,"column":8},"end":{"line":93,"column":9}},"29":{"start":{"line":91,"column":6},"end":{"line":91,"column":66}},"30":{"start":{"line":92,"column":6},"end":{"line":92,"column":14}}},"fnMap":{"0":{"name":"(anonymous_0)","decl":{"start":{"line":18,"column":2},"end":{"line":18,"column":3}},"loc":{"start":{"line":18,"column":54},"end":{"line":20,"column":3}},"line":18},"1":{"name":"(anonymous_1)","decl":{"start":{"line":26,"column":2},"end":{"line":26,"column":3}},"loc":{"start":{"line":26,"column":91},"end":{"line":31,"column":3}},"line":26},"2":{"name":"(anonymous_2)","decl":{"start":{"line":38,"column":2},"end":{"line":38,"column":3}},"loc":{"start":{"line":38,"column":65},"end":{"line":46,"column":3}},"line":38},"3":{"name":"(anonymous_3)","decl":{"start":{"line":52,"column":2},"end":{"line":52,"column":3}},"loc":{"start":{"line":52,"column":68},"end":{"line":55,"column":3}},"line":52},"4":{"name":"(anonymous_4)","decl":{"start":{"line":61,"column":2},"end":{"line":61,"column":3}},"loc":{"start":{"line":61,"column":75},"end":{"line":78,"column":3}},"line":61},"5":{"name":"(anonymous_5)","decl":{"start":{"line":84,"column":2},"end":{"line":84,"column":3}},"loc":{"start":{"line":84,"column":60},"end":{"line":95,"column":3}},"line":84}},"branchMap":{"0":{"loc":{"start":{"line":27,"column":4},"end":{"line":29,"column":5}},"type":"if","locations":[{"start":{"line":27,"column":4},"end":{"line":29,"column":5}},{"start":{},"end":{}}],"line":27},"1":{"loc":{"start":{"line":63,"column":4},"end":{"line":66,"column":5}},"type":"if","locations":[{"start":{"line":63,"column":4},"end":{"line":66,"column":5}},{"start":{},"end":{}}],"line":63},"2":{"loc":{"start":{"line":72,"column":8},"end":{"line":75,"column":9}},"type":"if","locations":[{"start":{"line":72,"column":8},"end":{"line":75,"column":9}},{"start":{},"end":{}}],"line":72},"3":{"loc":{"start":{"line":90,"column":8},"end":{"line":93,"column":9}},"type":"if","locations":[{"start":{"line":90,"column":8},"end":{"line":93,"column":9}},{"start":{},"end":{}}],"line":90}},"s":{"0":1,"1":1,"2":1,"3":4,"4":1,"5":4,"6":1,"7":1,"8":1,"9":0,"10":0,"11":3,"12":3,"13":2,"14":2,"15":0,"16":0,"17":2,"18":5,"19":5,"20":4,"21":1,"22":1,"23":1,"24":0,"25":0,"26":0,"27":0,"28":0,"29":0,"30":0},"f":{"0":1,"1":4,"2":1,"3":3,"4":2,"5":0},"b":{"0":[1,3],"1":[0,2],"2":[1,0],"3":[0,0]},"_coverageSchema":"1a1c01bbd47fc00a2c39e90264f33305004495a9","hash":"38bf8522a310023897ba2f944dcabe14e2f610e7"}
}
