TN:
SF:src\main\config\databaseConfig.ts
FN:13,(anonymous_0)
FN:28,(anonymous_1)
FN:31,(anonymous_2)
FN:36,(anonymous_3)
FNF:4
FNH:3
FNDA:1,(anonymous_0)
FNDA:1,(anonymous_1)
FNDA:0,(anonymous_2)
FNDA:1,(anonymous_3)
DA:7,1
DA:14,1
DA:16,1
DA:26,1
DA:29,1
DA:32,0
DA:37,1
DA:38,1
DA:40,1
LF:9
LH:8
BRDA:22,0,0,1
BRDA:22,0,1,0
BRDA:37,1,0,1
BRDA:37,1,1,0
BRF:4
BRH:2
end_of_record
TN:
SF:src\main\config\logger.ts
FNF:0
FNH:0
DA:2,1
DA:4,1
DA:19,1
LF:3
LH:3
BRDA:5,0,0,0
BRDA:5,0,1,1
BRDA:6,1,0,0
BRDA:6,1,1,1
BRF:4
BRH:2
end_of_record
TN:
SF:src\main\constants\constants.ts
FNF:0
FNH:0
DA:3,1
DA:4,1
DA:5,1
DA:6,1
DA:7,1
LF:5
LH:5
BRF:0
BRH:0
end_of_record
TN:
SF:src\main\controllers\gameController.ts
FN:9,(anonymous_0)
FN:13,(anonymous_1)
FNF:2
FNH:2
FNDA:3,(anonymous_0)
FNDA:3,(anonymous_1)
DA:10,3
DA:14,3
DA:16,3
DA:17,3
DA:18,3
DA:19,1
DA:21,2
DA:22,1
DA:23,1
DA:25,1
DA:26,1
LF:11
LH:11
BRDA:21,0,0,1
BRDA:21,0,1,1
BRF:2
BRH:2
end_of_record
TN:
SF:src\main\controllers\healthController.ts
FN:10,(anonymous_0)
FN:30,checkDatabaseHealth
FNF:2
FNH:2
FNDA:2,(anonymous_0)
FNDA:2,checkDatabaseHealth
DA:11,2
DA:13,2
DA:14,2
DA:15,1
DA:17,1
DA:18,1
DA:20,1
DA:21,1
DA:31,2
DA:32,2
DA:33,1
DA:34,1
DA:36,1
DA:37,1
LF:14
LH:14
BRDA:14,0,0,1
BRDA:14,0,1,1
BRF:2
BRH:2
end_of_record
TN:
SF:src\main\controllers\leaderBoardController.ts
FN:12,(anonymous_0)
FN:16,(anonymous_1)
FN:32,(anonymous_2)
FNF:3
FNH:3
FNDA:1,(anonymous_0)
FNDA:3,(anonymous_1)
FNDA:3,(anonymous_2)
DA:13,1
DA:17,3
DA:18,3
DA:19,3
DA:20,1
DA:22,2
DA:23,1
DA:24,1
DA:25,1
DA:26,1
DA:27,1
DA:33,3
DA:34,3
DA:35,3
DA:37,3
DA:38,3
DA:39,1
DA:41,3
DA:42,1
DA:45,3
DA:46,1
DA:47,1
DA:50,2
DA:51,1
DA:52,1
DA:54,1
DA:55,1
DA:56,1
LF:28
LH:28
BRDA:22,0,0,1
BRDA:22,0,1,1
BRDA:25,1,0,1
BRDA:25,1,1,0
BRDA:38,2,0,1
BRDA:38,2,1,2
BRDA:38,3,0,3
BRDA:38,3,1,3
BRDA:41,4,0,1
BRDA:41,4,1,2
BRDA:41,5,0,3
BRDA:41,5,1,3
BRDA:45,6,0,1
BRDA:45,6,1,2
BRDA:54,7,0,1
BRDA:54,7,1,0
BRF:16
BRH:14
end_of_record
TN:
SF:src\main\exceptions\CacheInitializationException.ts
FN:2,(anonymous_0)
FNF:1
FNH:1
FNDA:1,(anonymous_0)
DA:3,1
DA:4,1
LF:2
LH:2
BRF:0
BRH:0
end_of_record
TN:
SF:src\main\exceptions\CacheUpdateFailureException.ts
FN:2,(anonymous_0)
FNF:1
FNH:1
FNDA:1,(anonymous_0)
DA:3,1
DA:4,1
LF:2
LH:2
BRF:0
BRH:0
end_of_record
TN:
SF:src\main\exceptions\DatabaseStorageException.ts
FN:2,(anonymous_0)
FNF:1
FNH:0
FNDA:0,(anonymous_0)
DA:3,0
DA:4,0
LF:2
LH:0
BRF:0
BRH:0
end_of_record
TN:
SF:src\main\exceptions\LeaderboardNotInitializedException.ts
FN:2,(anonymous_0)
FNF:1
FNH:1
FNDA:7,(anonymous_0)
DA:3,7
DA:4,7
LF:2
LH:2
BRF:0
BRH:0
end_of_record
TN:
SF:src\main\exceptions\LeaderboardUpdateFailureException.ts
FN:2,(anonymous_0)
FNF:1
FNH:1
FNDA:2,(anonymous_0)
DA:3,2
DA:4,2
LF:2
LH:2
BRF:0
BRH:0
end_of_record
TN:
SF:src\main\models\leaderBoardInput.model.ts
FN:6,(anonymous_0)
FN:11,(anonymous_1)
FN:15,(anonymous_2)
FN:19,(anonymous_3)
FN:23,(anonymous_4)
FNF:5
FNH:1
FNDA:2,(anonymous_0)
FNDA:0,(anonymous_1)
FNDA:0,(anonymous_2)
FNDA:0,(anonymous_3)
FNDA:0,(anonymous_4)
DA:7,2
DA:8,2
DA:12,0
DA:16,0
DA:20,0
DA:24,0
LF:6
LH:2
BRF:0
BRH:0
end_of_record
TN:
SF:src\main\models\playerScore.model.ts
FNF:0
FNH:0
LF:0
LH:0
BRF:0
BRH:0
end_of_record
TN:
SF:src\main\repositories\playerScore.repository.ts
FN:5,(anonymous_0)
FN:10,(anonymous_1)
FN:15,(anonymous_2)
FN:21,(anonymous_3)
FNF:4
FNH:4
FNDA:1,(anonymous_0)
FNDA:1,(anonymous_1)
FNDA:1,(anonymous_2)
FNDA:2,(anonymous_3)
DA:6,1
DA:7,1
DA:11,1
DA:12,1
DA:16,1
DA:17,1
DA:18,1
DA:22,2
DA:23,2
DA:24,1
DA:25,1
DA:27,1
DA:28,1
LF:13
LH:13
BRDA:23,0,0,1
BRDA:23,0,1,1
BRDA:23,1,0,2
BRDA:23,1,1,2
BRF:4
BRH:4
end_of_record
TN:
SF:src\main\services\InMemoryCache.service.ts
FN:13,(anonymous_0)
FN:24,(anonymous_1)
FN:32,(anonymous_2)
FN:64,(anonymous_3)
FN:96,(anonymous_4)
FNF:5
FNH:5
FNDA:7,(anonymous_0)
FNDA:2,(anonymous_1)
FNDA:1,(anonymous_2)
FNDA:1,(anonymous_3)
FNDA:1,(anonymous_4)
DA:14,7
DA:15,7
DA:16,7
DA:17,7
DA:25,2
DA:33,1
DA:34,1
DA:35,1
DA:36,1
DA:37,1
DA:38,1
DA:39,3
DA:40,2
DA:41,2
DA:42,1
DA:43,1
DA:44,1
DA:45,1
DA:46,1
DA:48,1
DA:51,1
DA:53,0
DA:54,0
DA:55,0
DA:65,1
DA:66,1
DA:67,1
DA:69,1
DA:70,1
DA:71,1
DA:72,0
DA:73,0
DA:74,0
DA:75,0
DA:76,0
DA:77,0
DA:78,0
DA:80,0
DA:81,0
DA:83,1
DA:85,0
DA:86,0
DA:87,0
DA:97,1
DA:98,1
DA:99,1
LF:46
LH:31
BRDA:39,0,0,2
BRDA:39,0,1,1
BRDA:42,1,0,1
BRDA:42,1,1,0
BRDA:45,2,0,1
BRDA:45,2,1,0
BRDA:53,3,0,0
BRDA:53,3,1,0
BRDA:69,4,0,1
BRDA:69,4,1,0
BRDA:72,5,0,0
BRDA:72,5,1,0
BRDA:75,6,0,0
BRDA:75,6,1,0
BRDA:77,7,0,0
BRDA:77,7,1,0
BRDA:85,8,0,0
BRDA:85,8,1,0
BRF:18
BRH:5
end_of_record
TN:
SF:src\main\services\LeaderBoard.service.ts
FN:18,(anonymous_0)
FN:27,(anonymous_1)
FN:40,(anonymous_2)
FN:74,(anonymous_3)
FN:93,(anonymous_4)
FN:105,(anonymous_5)
FNF:6
FNH:6
FNDA:12,(anonymous_0)
FNDA:4,(anonymous_1)
FNDA:4,(anonymous_2)
FNDA:3,(anonymous_3)
FNDA:2,(anonymous_4)
FNDA:3,(anonymous_5)
DA:15,12
DA:16,12
DA:29,4
DA:30,1
DA:32,4
DA:41,4
DA:42,4
DA:43,4
DA:45,4
DA:46,1
DA:49,3
DA:50,1
DA:54,2
DA:55,2
DA:56,2
DA:58,2
DA:59,2
DA:60,2
DA:61,2
DA:63,2
DA:64,2
DA:65,2
DA:75,3
DA:76,3
DA:78,3
DA:79,3
DA:81,3
DA:82,1
DA:83,1
DA:86,2
DA:94,2
DA:95,1
DA:96,1
DA:98,1
DA:99,1
DA:106,3
DA:107,3
DA:109,3
DA:111,2
DA:112,1
DA:114,1
DA:117,1
DA:118,1
DA:119,1
LF:44
LH:44
BRDA:29,0,0,1
BRDA:29,0,1,3
BRDA:45,1,0,1
BRDA:45,1,1,3
BRDA:49,2,0,1
BRDA:49,2,1,2
BRDA:63,3,0,2
BRDA:63,3,1,0
BRDA:75,4,0,2
BRDA:75,4,1,1
BRDA:81,5,0,1
BRDA:81,5,1,2
BRDA:94,6,0,1
BRDA:94,6,1,1
BRDA:111,7,0,1
BRDA:111,7,1,1
BRDA:111,8,0,2
BRDA:111,8,1,2
BRDA:117,9,0,1
BRDA:117,9,1,0
BRF:20
BRH:18
end_of_record
TN:
SF:src\main\services\ScoreIngestion.service.ts
FN:18,(anonymous_0)
FN:26,(anonymous_1)
FN:38,(anonymous_2)
FN:52,(anonymous_3)
FN:61,(anonymous_4)
FN:84,(anonymous_5)
FNF:6
FNH:5
FNDA:1,(anonymous_0)
FNDA:4,(anonymous_1)
FNDA:1,(anonymous_2)
FNDA:3,(anonymous_3)
FNDA:2,(anonymous_4)
FNDA:0,(anonymous_5)
DA:14,1
DA:16,1
DA:19,1
DA:27,4
DA:28,1
DA:30,4
DA:39,1
DA:40,1
DA:41,1
DA:43,0
DA:44,0
DA:53,3
DA:54,3
DA:62,2
DA:63,2
DA:64,0
DA:65,0
DA:67,2
DA:68,5
DA:69,5
DA:70,4
DA:72,1
DA:73,1
DA:74,1
DA:85,0
DA:86,0
DA:87,0
DA:88,0
DA:90,0
DA:91,0
DA:92,0
LF:31
LH:20
BRDA:27,0,0,1
BRDA:27,0,1,3
BRDA:63,1,0,0
BRDA:63,1,1,2
BRDA:72,2,0,1
BRDA:72,2,1,0
BRDA:90,3,0,0
BRDA:90,3,1,0
BRF:8
BRH:4
end_of_record
